<?xml version="1.0" encoding="UTF-8"?>
<!-- Generated by org.testng.reporters.JUnitReportReporter -->
<testsuite skipped="0" hostname="PoornimaHP" name="runner.RunTest" tests="5" failures="0" timestamp="2022-11-14T13:00:33 IST" time="9.955" errors="0">
  <testcase name="runScenario" time="0.689" classname="runner.RunTest"/>
  <system-out/>
  <testcase name="runScenario" time="0.916" classname="runner.RunTest"/>
  <system-out/>
  <testcase name="runScenario" time="0.927" classname="runner.RunTest"/>
  <system-out/>
  <testcase name="runScenario" time="6.422" classname="runner.RunTest"/>
  <system-out/>
  <testcase name="runScenario" time="1.001" classname="runner.RunTest"/>
  <system-out/>
</testsuite> <!-- runner.RunTest -->
