<?xml version="1.0" encoding="UTF-8"?>
<!-- Generated by org.testng.reporters.JUnitReportReporter -->
<testsuite skipped="0" hostname="PoornimaHP" name="jira_RestAssured.UpdateJIRAIssue" tests="1" failures="0" timestamp="2022-10-31T15:14:12 IST" time="0.628" errors="0">
  <testcase name="runUpdateJIRAIssue" time="0.628" classname="jira_RestAssured.UpdateJIRAIssue"/>
  <system-out/>
</testsuite> <!-- jira_RestAssured.UpdateJIRAIssue -->
