<?xml version="1.0" encoding="UTF-8"?>
<!-- Generated by org.testng.reporters.JUnitReportReporter -->
<testsuite skipped="0" hostname="PoornimaHP" name="jira_RestAssured.DeleteIssue" tests="1" failures="0" timestamp="2022-10-31T15:14:12 IST" time="0.722" errors="0">
  <testcase name="runDeleteIssue" time="0.722" classname="jira_RestAssured.DeleteIssue"/>
  <system-out/>
</testsuite> <!-- jira_RestAssured.DeleteIssue -->
