<?xml version="1.0" encoding="UTF-8"?>
<!-- Generated by org.testng.reporters.JUnitReportReporter -->
<testsuite skipped="0" hostname="PoornimaHP" name="jira_RestAssured.GETIssueBasedonKeyPostUpdate" tests="1" failures="0" timestamp="2022-10-31T13:38:38 IST" time="0.616" errors="0">
  <testcase name="runGETJIRAIssue" time="0.616" classname="jira_RestAssured.GETIssueBasedonKeyPostUpdate"/>
  <system-out/>
</testsuite> <!-- jira_RestAssured.GETIssueBasedonKeyPostUpdate -->
